<?xml version="1.0" encoding="UTF-8"?>
<beans xmlns="http://www.springframework.org/schema/beans"
       xmlns:xsi="http://www.w3.org/2001/XMLSchema-instance"
       xmlns:rpc="https://www.kangyonggan.com/schema/rpc"
       xsi:schemaLocation="http://www.springframework.org/schema/beans
       http://www.springframework.org/schema/beans/spring-beans.xsd
       https://www.kangyonggan.com/schema/rpc https://www.kangyonggan.com/schema/rpc/rpc.xsd">

    <!-- 应用 -->
    <rpc:application name="RPC_PROVIDER"/>

    <!-- 服务端 -->
    <rpc:server port="9203" />

    <!-- 注册中心 -->
    <rpc:register type="zookeeper" ip="122.112.204.190" port="2181" />

    <!-- 提供服务 -->
    <rpc:service id="mathService" name="com.kangyonggan.rpc.service.MathService" ref="mathServiceImpl" />

    <bean id="mathServiceImpl" class="com.kangyonggan.rpc.service.impl.MathServiceImpl" />
</beans>